2025-10-01 00:18:44 - root - INFO - Система логирования инициализирована.
2025-10-01 00:18:44 - root - INFO - Запуск приложения...
2025-10-01 00:18:44 - root - INFO - QApplication создан.
2025-10-01 00:18:44 - root - INFO - DataService инициализирован.
2025-10-01 00:18:44 - root - INFO - MainWindow создан.
2025-10-01 00:18:44 - root - INFO - Главное окно отображено.
2025-10-01 00:24:11 - root - INFO - Система логирования инициализирована.
2025-10-01 00:24:11 - root - INFO - Запуск приложения...
2025-10-01 00:24:11 - root - INFO - QApplication создан.
2025-10-01 00:24:11 - root - INFO - DataService инициализирован.
2025-10-01 00:24:11 - root - INFO - MainWindow создан.
2025-10-01 00:24:11 - root - INFO - Главное окно отображено.
2025-10-01 00:24:59 - root - INFO - Система логирования инициализирована.
2025-10-01 00:24:59 - root - INFO - Запуск приложения...
2025-10-01 00:24:59 - root - INFO - QApplication создан.
2025-10-01 00:24:59 - root - INFO - DataService инициализирован.
2025-10-01 00:24:59 - root - INFO - MainWindow создан.
2025-10-01 00:24:59 - root - INFO - Главное окно отображено.
2025-10-01 00:25:25 - root - INFO - Система логирования инициализирована.
2025-10-01 00:25:25 - root - INFO - Запуск приложения...
2025-10-01 00:25:25 - root - INFO - QApplication создан.
2025-10-01 00:25:25 - root - INFO - DataService инициализирован.
2025-10-01 00:25:25 - root - INFO - MainWindow создан.
2025-10-01 00:25:25 - root - INFO - Главное окно отображено.
2025-10-01 00:27:19 - root - INFO - Система логирования инициализирована.
2025-10-01 00:27:19 - root - INFO - Запуск приложения...
2025-10-01 00:27:19 - root - INFO - QApplication создан.
2025-10-01 00:27:19 - root - INFO - DataService инициализирован.
2025-10-01 00:27:19 - root - INFO - MainWindow создан.
2025-10-01 00:27:20 - root - INFO - Главное окно отображено.
